<?xml version="1.0" encoding="UTF-8"?>
<!-- Generated by org.testng.reporters.JUnitReportReporter -->
<testsuite skipped="0" hostname="DESKTOP-96NNTLC" name="Luma_Tests.SignInTest" tests="2" failures="0" timestamp="2023-01-29T10:53:55 IST" time="31.783" errors="0">
  <testcase name="SignIn" time="15.559" classname="Luma_Tests.SignInTest"/>
  <system-out/>
  <testcase name="SignIn" time="16.224" classname="Luma_Tests.SignInTest"/>
  <system-out/>
</testsuite> <!-- Luma_Tests.SignInTest -->
