<?xml version="1.0" encoding="UTF-8"?>
<!-- Generated by org.testng.reporters.JUnitReportReporter -->
<testsuite skipped="0" hostname="DESKTOP-96NNTLC" name="Luma_Tests.CreateAccountTest" tests="2" failures="0" timestamp="2023-01-26T22:12:00 IST" time="15.563" errors="0">
  <testcase name="CreateAccount" time="5.025" classname="Luma_Tests.CreateAccountTest"/>
  <system-out/>
  <testcase name="CreateAccount" time="10.538" classname="Luma_Tests.CreateAccountTest"/>
  <system-out/>
</testsuite> <!-- Luma_Tests.CreateAccountTest -->
