<?xml version="1.0" encoding="UTF-8"?>
<!-- Generated by org.testng.reporters.JUnitReportReporter -->
<testsuite skipped="5" hostname="DESKTOP-96NNTLC" name="Luma_Tests.OrderPlaceTest" tests="6" failures="0" timestamp="2023-01-24T20:11:41 IST" time="129.789" errors="0">
  <testcase name="placeOder" time="15.188" classname="Luma_Tests.OrderPlaceTest">
    <skipped/>
  </testcase> <!-- placeOder -->
  <system-out/>
  <testcase name="placeOder" time="15.904" classname="Luma_Tests.OrderPlaceTest">
    <skipped/>
  </testcase> <!-- placeOder -->
  <system-out/>
  <testcase name="placeOder" time="15.173" classname="Luma_Tests.OrderPlaceTest">
    <skipped/>
  </testcase> <!-- placeOder -->
  <system-out/>
  <testcase name="placeOder" time="15.230" classname="Luma_Tests.OrderPlaceTest">
    <skipped/>
  </testcase> <!-- placeOder -->
  <system-out/>
  <testcase name="placeOder" time="53.013" classname="Luma_Tests.OrderPlaceTest"/>
  <system-out/>
  <testcase name="placeOder" time="15.281" classname="Luma_Tests.OrderPlaceTest">
    <skipped/>
  </testcase> <!-- placeOder -->
  <system-out/>
</testsuite> <!-- Luma_Tests.OrderPlaceTest -->
